Base path: D:/Program Files (x86)/Unity/Editor/Data
Pipe name: \\.\pipe\UnityShaderCompiler-1-7036
Cmd: getPlatforms
Cmd: preprocess
  insize=3926 outsize=2107 ok=1
Cmd: compileSnippet
  api=4 type=0 insize=2123 outsize=6027 kw= ok=1
Cmd: compileSnippet
  api=4 type=1 insize=2123 outsize=770 kw= ok=1
Cmd: preprocess
  insize=2457 outsize=1483 ok=1
Cmd: compileSnippet
  api=4 type=0 insize=1310 outsize=4378 kw=SHADOWS_SCREEN LIGHTMAP_ON ok=1
Cmd: compileSnippet
  api=4 type=1 insize=1310 outsize=2135 kw=SHADOWS_SCREEN LIGHTMAP_ON ok=1
Cmd: preprocess
  insize=2926 outsize=1344 ok=1
Cmd: compileSnippet
  api=4 type=0 insize=1886 outsize=2103 kw= ok=1
Cmd: compileSnippet
  api=4 type=1 insize=1886 outsize=1242 kw= ok=1
Cmd: preprocess
  insize=1509 outsize=871 ok=1
Cmd: compileSnippet
  api=4 type=0 insize=940 outsize=762 kw= ok=1
Cmd: compileSnippet
  api=4 type=1 insize=940 outsize=453 kw= ok=1
Cmd: preprocess
  insize=2234 outsize=1394 ok=1
Cmd: compileSnippet
  api=4 type=0 insize=1175 outsize=4183 kw=SHADOWS_SCREEN LIGHTMAP_ON ok=1
Cmd: compileSnippet
  api=4 type=1 insize=1175 outsize=1762 kw=SHADOWS_SCREEN LIGHTMAP_ON ok=1
Cmd: preprocess
  insize=1936 outsize=848 ok=1
Cmd: compileSnippet
  api=4 type=0 insize=1390 outsize=1510 kw= ok=1
Cmd: compileSnippet
  api=4 type=1 insize=1390 outsize=852 kw= ok=1
Cmd: preprocess
  insize=2977 outsize=1794 ok=1
Cmd: compileSnippet
  api=4 type=0 insize=1519 outsize=4045 kw=SHADOWS_SCREEN LIGHTMAP_ON ok=1
Cmd: compileSnippet
  api=4 type=1 insize=1519 outsize=2249 kw=SHADOWS_SCREEN LIGHTMAP_ON ok=1
Cmd: preprocess
  insize=2775 outsize=1065 ok=1
Cmd: compileSnippet
  api=4 type=0 insize=2014 outsize=1835 kw=LIGHTMAP_ON ok=1
Cmd: compileSnippet
  api=4 type=1 insize=2014 outsize=1160 kw=LIGHTMAP_ON ok=1
Cmd: preprocess
  insize=3694 outsize=1841 ok=1
Cmd: compileSnippet
  api=4 type=0 insize=2157 outsize=1680 kw=LIGHTMAP_ON ok=1
Cmd: compileSnippet
  api=4 type=1 insize=2157 outsize=1615 kw=LIGHTMAP_ON ok=1
Cmd: preprocess
  insize=3259 outsize=1488 ok=1
Cmd: compileSnippet
  api=4 type=0 insize=2075 outsize=1680 kw=LIGHTMAP_ON ok=1
Cmd: compileSnippet
  api=4 type=1 insize=2075 outsize=1550 kw=LIGHTMAP_ON ok=1
Cmd: preprocess
  insize=4410 outsize=2233 ok=1
Cmd: compileSnippet
  api=4 type=0 insize=2480 outsize=6921 kw= ok=1
Cmd: compileSnippet
  api=4 type=1 insize=2480 outsize=998 kw= ok=1
Cmd: preprocess
  insize=1903 outsize=1122 ok=1
Cmd: compileSnippet
  api=4 type=0 insize=1083 outsize=1103 kw= ok=1
Cmd: compileSnippet
  api=4 type=1 insize=1083 outsize=510 kw= ok=1
Cmd: preprocess
  insize=2071 outsize=1309 ok=1
Cmd: compileSnippet
  api=4 type=0 insize=1098 outsize=4508 kw=SHADOWS_SCREEN LIGHTMAP_ON ok=1
Cmd: compileSnippet
  api=4 type=1 insize=1098 outsize=1599 kw=SHADOWS_SCREEN LIGHTMAP_ON ok=1
Cmd: preprocess
  insize=2068 outsize=1318 ok=1
Cmd: compileSnippet
  api=4 type=0 insize=1086 outsize=4118 kw=SHADOWS_SCREEN LIGHTMAP_ON ok=1
Cmd: compileSnippet
  api=4 type=1 insize=1086 outsize=1640 kw=SHADOWS_SCREEN LIGHTMAP_ON ok=1
Cmd: preprocess
  insize=3528 outsize=1198 ok=1
Cmd: compileSnippet
  api=4 type=0 insize=2634 outsize=3313 kw=LIGHTMAP_ON ok=1
Cmd: compileSnippet
  api=4 type=1 insize=2634 outsize=1355 kw=LIGHTMAP_ON ok=1
Cmd: preprocess
  insize=2554 outsize=1177 ok=1
Cmd: compileSnippet
  api=4 type=0 insize=1680 outsize=1542 kw= ok=1
Cmd: compileSnippet
  api=4 type=1 insize=1680 outsize=1014 kw= ok=1
Cmd: preprocess
  insize=2172 outsize=1386 ok=1
Cmd: compileSnippet
  api=4 type=0 insize=1122 outsize=4183 kw=SHADOWS_SCREEN LIGHTMAP_ON ok=1
Cmd: compileSnippet
  api=4 type=1 insize=1122 outsize=1599 kw=SHADOWS_SCREEN LIGHTMAP_ON ok=1
Cmd: preprocess
  insize=1894 outsize=948 ok=1
Cmd: compileSnippet
  api=4 type=0 insize=1248 outsize=1071 kw= ok=1
Cmd: compileSnippet
  api=4 type=1 insize=1248 outsize=453 kw= ok=1
Cmd: preprocess
  insize=2485 outsize=941 ok=1
Cmd: compileSnippet
  api=4 type=0 insize=1847 outsize=1680 kw=LIGHTMAP_ON ok=1
Cmd: compileSnippet
  api=4 type=1 insize=1847 outsize=1030 kw=LIGHTMAP_ON ok=1
Cmd: preprocess
  insize=2344 outsize=1515 ok=1
Cmd: compileSnippet
  api=4 type=0 insize=1164 outsize=4256 kw=SHADOWS_SCREEN LIGHTMAP_ON ok=1
Cmd: compileSnippet
  api=4 type=1 insize=1164 outsize=1770 kw=SHADOWS_SCREEN LIGHTMAP_ON ok=1
Cmd: preprocess
  insize=2235 outsize=1015 ok=1
Cmd: compileSnippet
  api=4 type=0 insize=1522 outsize=1997 kw= ok=1
Cmd: compileSnippet
  api=4 type=1 insize=1522 outsize=616 kw= ok=1
Cmd: preprocess
  insize=2677 outsize=1677 ok=1
Cmd: compileSnippet
  api=4 type=0 insize=1336 outsize=4622 kw=SHADOWS_SCREEN LIGHTMAP_ON ok=1
Cmd: compileSnippet
  api=4 type=1 insize=1336 outsize=1948 kw=SHADOWS_SCREEN LIGHTMAP_ON ok=1
Cmd: preprocess
  insize=2957 outsize=966 ok=1
Cmd: compileSnippet
  api=4 type=0 insize=2294 outsize=3086 kw=LIGHTMAP_ON ok=1
Cmd: compileSnippet
  api=4 type=1 insize=2294 outsize=1030 kw=LIGHTMAP_ON ok=1
Cmd: preprocess
  insize=2946 outsize=1276 ok=1
Cmd: compileSnippet
  api=4 type=0 insize=1973 outsize=1680 kw=LIGHTMAP_ON ok=1
Cmd: compileSnippet
  api=4 type=1 insize=1973 outsize=1372 kw=LIGHTMAP_ON ok=1
Cmd: preprocess
  insize=1771 outsize=790 ok=1
Cmd: compileSnippet
  api=4 type=0 insize=1283 outsize=1510 kw= ok=1
Cmd: compileSnippet
  api=4 type=1 insize=1283 outsize=673 kw= ok=1
Cmd: preprocess
  insize=2200 outsize=862 ok=1
Cmd: compileSnippet
  api=4 type=0 insize=1640 outsize=1290 kw=LIGHTMAP_ON ok=1
Cmd: compileSnippet
  api=4 type=1 insize=1640 outsize=900 kw=LIGHTMAP_ON ok=1
Cmd: preprocess
  insize=2963 outsize=1104 ok=1
Cmd: compileSnippet
  api=4 type=0 insize=2163 outsize=1916 kw=LIGHTMAP_ON ok=1
Cmd: compileSnippet
  api=4 type=1 insize=2163 outsize=1315 kw=LIGHTMAP_ON ok=1
Cmd: preprocess
  insize=2941 outsize=1300 ok=1
Cmd: compileSnippet
  api=4 type=0 insize=1945 outsize=1680 kw=LIGHTMAP_ON ok=1
Cmd: compileSnippet
  api=4 type=1 insize=1945 outsize=1144 kw=LIGHTMAP_ON ok=1
Cmd: preprocess
  insize=2032 outsize=1326 ok=1
Cmd: compileSnippet
  api=4 type=0 insize=1042 outsize=5418 kw=SHADOWS_SCREEN ok=1
Cmd: compileSnippet
  api=4 type=1 insize=1042 outsize=1615 kw=SHADOWS_SCREEN ok=1
Cmd: preprocess
  insize=1164 outsize=1164 ok=1
Cmd: preprocess
  insize=2760 outsize=988 ok=1
Cmd: compileSnippet
  api=4 type=0 insize=2074 outsize=3492 kw= ok=1
Cmd: compileSnippet
  api=4 type=1 insize=2074 outsize=616 kw= ok=1
Cmd: preprocess
  insize=2021 outsize=1279 ok=1
Cmd: compileSnippet
  api=4 type=0 insize=1078 outsize=4045 kw=SHADOWS_SCREEN LIGHTMAP_ON ok=1
Cmd: compileSnippet
  api=4 type=1 insize=1078 outsize=1469 kw=SHADOWS_SCREEN LIGHTMAP_ON ok=1
Cmd: preprocess
  insize=1214 outsize=1214 ok=1
Cmd: preprocess
  insize=2843 outsize=1004 ok=1
Cmd: compileSnippet
  api=4 type=0 insize=2143 outsize=1883 kw=LIGHTMAP_ON ok=1
Cmd: compileSnippet
  api=4 type=1 insize=2143 outsize=1372 kw=LIGHTMAP_ON ok=1
Cmd: preprocess
  insize=2211 outsize=1022 ok=1
Cmd: compileSnippet
  api=4 type=0 insize=1490 outsize=1396 kw= ok=1
Cmd: compileSnippet
  api=4 type=1 insize=1490 outsize=616 kw= ok=1
Cmd: preprocess
  insize=2501 outsize=1539 ok=1
Cmd: compileSnippet
  api=4 type=0 insize=1298 outsize=4045 kw=SHADOWS_SCREEN LIGHTMAP_ON ok=1
Cmd: compileSnippet
  api=4 type=1 insize=1298 outsize=1762 kw=SHADOWS_SCREEN LIGHTMAP_ON ok=1
Cmd: preprocess
  insize=2882 outsize=1228 ok=1
Cmd: compileSnippet
  api=4 type=0 insize=1958 outsize=1680 kw=LIGHTMAP_ON ok=1
Cmd: compileSnippet
  api=4 type=1 insize=1958 outsize=1388 kw=LIGHTMAP_ON ok=1
Cmd: preprocess
  insize=2000 outsize=990 ok=1
Cmd: compileSnippet
  api=4 type=0 insize=1312 outsize=1445 kw= ok=1
Cmd: compileSnippet
  api=4 type=1 insize=1312 outsize=600 kw= ok=1
Cmd: preprocess
  insize=1831 outsize=1114 ok=1
Cmd: compileSnippet
  api=4 type=0 insize=1018 outsize=860 kw= ok=1
Cmd: compileSnippet
  api=4 type=1 insize=1018 outsize=453 kw= ok=1
Cmd: preprocess
  insize=3597 outsize=1694 ok=1
Cmd: compileSnippet
  api=4 type=0 insize=1272 outsize=4045 kw=SHADOWS_SCREEN LIGHTMAP_ON ok=1
Cmd: compileSnippet
  api=4 type=1 insize=1272 outsize=1640 kw=SHADOWS_SCREEN LIGHTMAP_ON ok=1
Cmd: compileSnippet
  api=4 type=0 insize=1305 outsize=4069 kw=SHADOWS_SCREEN LIGHTMAP_ON ok=1
Cmd: compileSnippet
  api=4 type=1 insize=1305 outsize=1640 kw=SHADOWS_SCREEN LIGHTMAP_ON ok=1
Cmd: preprocess
  insize=2144 outsize=1444 ok=1
Cmd: compileSnippet
  api=4 type=0 insize=1036 outsize=3972 kw=SHADOWS_SCREEN ok=1
Cmd: compileSnippet
  api=4 type=1 insize=1036 outsize=1315 kw=SHADOWS_SCREEN ok=1
Cmd: preprocess
  insize=3409 outsize=1046 ok=1
Cmd: compileSnippet
  api=4 type=0 insize=2667 outsize=3273 kw=LIGHTMAP_ON ok=1
Cmd: compileSnippet
  api=4 type=1 insize=2667 outsize=1372 kw=LIGHTMAP_ON ok=1
Cmd: preprocess
  insize=2188 outsize=1210 ok=1
Cmd: compileSnippet
  api=4 type=0 insize=1314 outsize=5231 kw=SHADOWS_SCREEN LIGHTMAP_ON ok=1
Cmd: compileSnippet
  api=4 type=1 insize=1314 outsize=1542 kw=SHADOWS_SCREEN LIGHTMAP_ON ok=1
Cmd: preprocess
  insize=2219 outsize=1374 ok=1
Cmd: compileSnippet
  api=4 type=0 insize=1181 outsize=4045 kw=SHADOWS_SCREEN LIGHTMAP_ON ok=1
Cmd: compileSnippet
  api=4 type=1 insize=1181 outsize=1526 kw=SHADOWS_SCREEN LIGHTMAP_ON ok=1
Cmd: preprocess
  insize=1113 outsize=1113 ok=1
Cmd: preprocess
  insize=2427 outsize=1509 ok=1
Cmd: compileSnippet
  api=4 type=0 insize=1253 outsize=4240 kw=SHADOWS_SCREEN LIGHTMAP_ON ok=1
Cmd: compileSnippet
  api=4 type=1 insize=1253 outsize=1940 kw=SHADOWS_SCREEN LIGHTMAP_ON ok=1
Cmd: preprocess
  insize=2699 outsize=1066 ok=1
Cmd: compileSnippet
  api=4 type=0 insize=1936 outsize=1534 kw=LIGHTMAP_ON ok=1
Cmd: compileSnippet
  api=4 type=1 insize=1936 outsize=1355 kw=LIGHTMAP_ON ok=1
Cmd: preprocess
  insize=1973 outsize=965 ok=1
Cmd: compileSnippet
  api=4 type=0 insize=1310 outsize=1445 kw= ok=1
Cmd: compileSnippet
  api=4 type=1 insize=1310 outsize=600 kw= ok=1
Cmd: preprocess
  insize=3124 outsize=1552 ok=1
Cmd: compileSnippet
  api=4 type=0 insize=1876 outsize=2964 kw= ok=1
Cmd: compileSnippet
  api=4 type=1 insize=1876 outsize=559 kw= ok=1
Cmd: preprocess
  insize=1387 outsize=1387 ok=1
Cmd: preprocess
  insize=2025 outsize=948 ok=1
Cmd: compileSnippet
  api=4 type=0 insize=1379 outsize=1916 kw= ok=1
Cmd: compileSnippet
  api=4 type=1 insize=1379 outsize=453 kw= ok=1
Cmd: preprocess
  insize=2331 outsize=1168 ok=1
Cmd: compileSnippet
  api=4 type=0 insize=1464 outsize=1664 kw= ok=1
Cmd: compileSnippet
  api=4 type=1 insize=1464 outsize=746 kw= ok=1
Cmd: preprocess
  insize=2260 outsize=1093 ok=1
Cmd: compileSnippet
  api=4 type=0 insize=1469 outsize=1664 kw= ok=1
Cmd: compileSnippet
  api=4 type=1 insize=1469 outsize=787 kw= ok=1
Cmd: preprocess
  insize=2314 outsize=1333 ok=1
Cmd: compileSnippet
  api=4 type=0 insize=1317 outsize=5653 kw=SHADOWS_SCREEN LIGHTMAP_ON ok=1
Cmd: compileSnippet
  api=4 type=1 insize=1317 outsize=1794 kw=SHADOWS_SCREEN LIGHTMAP_ON ok=1
Cmd: preprocess
  insize=2540 outsize=1537 ok=1
Cmd: compileSnippet
  api=4 type=0 insize=1339 outsize=4183 kw=SHADOWS_SCREEN LIGHTMAP_ON ok=1
Cmd: compileSnippet
  api=4 type=1 insize=1339 outsize=2192 kw=SHADOWS_SCREEN LIGHTMAP_ON ok=1
Cmd: preprocess
  insize=2273 outsize=1106 ok=1
Cmd: compileSnippet
  api=4 type=0 insize=1469 outsize=1883 kw= ok=1
Cmd: compileSnippet
  api=4 type=1 insize=1469 outsize=746 kw= ok=1
Cmd: preprocess
  insize=3697 outsize=1615 ok=1
Cmd: compileSnippet
  api=4 type=0 insize=2386 outsize=2712 kw=LIGHTMAP_ON ok=1
Cmd: compileSnippet
  api=4 type=1 insize=2386 outsize=1128 kw=LIGHTMAP_ON ok=1
Cmd: preprocess
  insize=1821 outsize=921 ok=1
Cmd: compileSnippet
  api=4 type=0 insize=1202 outsize=990 kw= ok=1
Cmd: compileSnippet
  api=4 type=1 insize=1202 outsize=965 kw= ok=1
Cmd: preprocess
  insize=2307 outsize=1497 ok=1
Cmd: compileSnippet
  api=4 type=0 insize=1146 outsize=3972 kw=SHADOWS_SCREEN ok=1
Cmd: compileSnippet
  api=4 type=1 insize=1146 outsize=1526 kw=SHADOWS_SCREEN ok=1
Cmd: preprocess
  insize=3806 outsize=1744 ok=1
Cmd: compileSnippet
  api=4 type=0 insize=2366 outsize=2655 kw=LIGHTMAP_ON ok=1
Cmd: compileSnippet
  api=4 type=1 insize=2366 outsize=1128 kw=LIGHTMAP_ON ok=1
Cmd: preprocess
  insize=3256 outsize=1440 ok=1
Cmd: compileSnippet
  api=4 type=0 insize=2120 outsize=1680 kw=LIGHTMAP_ON ok=1
Cmd: compileSnippet
  api=4 type=1 insize=2120 outsize=1745 kw=LIGHTMAP_ON ok=1
Cmd: preprocess
  insize=1604 outsize=800 ok=1
Cmd: compileSnippet
  api=4 type=0 insize=1106 outsize=990 kw= ok=1
Cmd: compileSnippet
  api=4 type=1 insize=1106 outsize=600 kw= ok=1
Cmd: preprocess
  insize=4352 outsize=1963 ok=1
Cmd: compileSnippet
  api=4 type=0 insize=2693 outsize=3151 kw=LIGHTMAP_ON ok=1
Cmd: compileSnippet
  api=4 type=1 insize=2693 outsize=1209 kw=LIGHTMAP_ON ok=1
Cmd: preprocess
  insize=2207 outsize=1296 ok=1
Cmd: compileSnippet
  api=4 type=0 insize=1247 outsize=4305 kw=SHADOWS_SCREEN LIGHTMAP_ON ok=1
Cmd: compileSnippet
  api=4 type=1 insize=1247 outsize=1713 kw=SHADOWS_SCREEN LIGHTMAP_ON ok=1
Cmd: preprocess
  insize=5303 outsize=2343 ok=1
Cmd: compileSnippet
  api=4 type=0 insize=1605 outsize=2062 kw= ok=1
Cmd: compileSnippet
  api=4 type=1 insize=1605 outsize=908 kw= ok=1
Cmd: compileSnippet
  api=4 type=0 insize=1964 outsize=3492 kw= ok=1
Cmd: compileSnippet
  api=4 type=1 insize=1964 outsize=616 kw= ok=1
Cmd: preprocess
  insize=2624 outsize=1081 ok=1
Cmd: compileSnippet
  api=4 type=0 insize=1847 outsize=1680 kw=LIGHTMAP_ON ok=1
Cmd: compileSnippet
  api=4 type=1 insize=1847 outsize=1030 kw=LIGHTMAP_ON ok=1
Cmd: preprocess
  insize=1180 outsize=1180 ok=1
Cmd: preprocess
  insize=2583 outsize=1279 ok=1
Cmd: compileSnippet
  api=4 type=0 insize=1607 outsize=1445 kw= ok=1
Cmd: compileSnippet
  api=4 type=1 insize=1607 outsize=1112 kw= ok=1
Cmd: preprocess
  insize=2229 outsize=1040 ok=1
Cmd: preprocess
  insize=2283 outsize=1241 ok=1
Cmd: compileSnippet
  api=4 type=0 insize=1378 outsize=5653 kw=SHADOWS_SCREEN LIGHTMAP_ON ok=1
Cmd: compileSnippet
  api=4 type=1 insize=1378 outsize=1810 kw=SHADOWS_SCREEN LIGHTMAP_ON ok=1
Cmd: preprocess
  insize=2965 outsize=1337 ok=1
Cmd: compileSnippet
  api=4 type=0 insize=1932 outsize=1762 kw=LIGHTMAP_ON ok=1
Cmd: compileSnippet
  api=4 type=1 insize=1932 outsize=1160 kw=LIGHTMAP_ON ok=1
Cmd: preprocess
  insize=2902 outsize=1804 ok=1
Cmd: compileSnippet
  api=4 type=0 insize=1434 outsize=4045 kw=SHADOWS_SCREEN LIGHTMAP_ON ok=1
Cmd: compileSnippet
  api=4 type=1 insize=1434 outsize=2030 kw=SHADOWS_SCREEN LIGHTMAP_ON ok=1
Cmd: preprocess
  insize=3429 outsize=1546 ok=1
Cmd: compileSnippet
  api=4 type=0 insize=1268 outsize=4045 kw=SHADOWS_SCREEN LIGHTMAP_ON ok=1
Cmd: compileSnippet
  api=4 type=1 insize=1268 outsize=1713 kw=SHADOWS_SCREEN LIGHTMAP_ON ok=1
Cmd: compileSnippet
  api=4 type=0 insize=1290 outsize=4069 kw=SHADOWS_SCREEN LIGHTMAP_ON ok=1
Cmd: compileSnippet
  api=4 type=1 insize=1290 outsize=1713 kw=SHADOWS_SCREEN LIGHTMAP_ON ok=1
Cmd: preprocess
  insize=3366 outsize=1242 ok=1
Cmd: compileSnippet
  api=4 type=0 insize=2428 outsize=2379 kw=LIGHTMAP_ON ok=1
Cmd: compileSnippet
  api=4 type=1 insize=2428 outsize=1656 kw=LIGHTMAP_ON ok=1
Cmd: preprocess
  insize=3341 outsize=1579 ok=1
Cmd: compileSnippet
  api=4 type=0 insize=2065 outsize=1680 kw=LIGHTMAP_ON ok=1
Cmd: compileSnippet
  api=4 type=1 insize=2065 outsize=1339 kw=LIGHTMAP_ON ok=1
Cmd: preprocess
  insize=2617 outsize=1293 ok=1
Cmd: compileSnippet
  api=4 type=0 insize=1626 outsize=2590 kw= ok=1
Cmd: compileSnippet
  api=4 type=1 insize=1626 outsize=665 kw= ok=1
Cmd: preprocess
  insize=2028 outsize=1357 ok=1
Cmd: compileSnippet
  api=4 type=0 insize=1006 outsize=3655 kw=SHADOWS_SCREEN ok=1
Cmd: compileSnippet
  api=4 type=1 insize=1006 outsize=1266 kw=SHADOWS_SCREEN ok=1
Cmd: preprocess
  insize=2594 outsize=1062 ok=1
Cmd: compileSnippet
  api=4 type=0 insize=1834 outsize=1932 kw= ok=1
Cmd: compileSnippet
  api=4 type=1 insize=1834 outsize=762 kw= ok=1
Cmd: preprocess
  insize=2431 outsize=1119 ok=1
Cmd: compileSnippet
  api=4 type=0 insize=1614 outsize=1680 kw= ok=1
Cmd: compileSnippet
  api=4 type=1 insize=1614 outsize=900 kw= ok=1
Cmd: preprocess
  insize=1971 outsize=1971 ok=1
Cmd: preprocess
  insize=2239 outsize=1353 ok=1
Cmd: compileSnippet
  api=4 type=0 insize=1222 outsize=4045 kw=SHADOWS_SCREEN LIGHTMAP_ON ok=1
Cmd: compileSnippet
  api=4 type=1 insize=1222 outsize=1762 kw=SHADOWS_SCREEN LIGHTMAP_ON ok=1
Cmd: preprocess
  insize=2796 outsize=1216 ok=1
Cmd: compileSnippet
  api=4 type=0 insize=1884 outsize=1680 kw=LIGHTMAP_ON ok=1
Cmd: compileSnippet
  api=4 type=1 insize=1884 outsize=1030 kw=LIGHTMAP_ON ok=1
Cmd: preprocess
  insize=2505 outsize=1548 ok=1
Cmd: compileSnippet
  api=4 type=0 insize=1291 outsize=4045 kw=SHADOWS_SCREEN LIGHTMAP_ON ok=1
Cmd: compileSnippet
  api=4 type=1 insize=1291 outsize=1640 kw=SHADOWS_SCREEN LIGHTMAP_ON ok=1
Cmd: preprocess
  insize=4383 outsize=2036 ok=1
Cmd: compileSnippet
  api=4 type=0 insize=2649 outsize=2769 kw=LIGHTMAP_ON ok=1
Cmd: compileSnippet
  api=4 type=1 insize=2649 outsize=1258 kw=LIGHTMAP_ON ok=1
Cmd: preprocess
  insize=2231 outsize=979 ok=1
Cmd: compileSnippet
  api=4 type=0 insize=1554 outsize=1168 kw= ok=1
Cmd: compileSnippet
  api=4 type=1 insize=1554 outsize=1038 kw= ok=1
Cmd: preprocess
  insize=2870 outsize=1585 ok=1
Cmd: compileSnippet
  api=4 type=0 insize=1062 outsize=4045 kw=SHADOWS_SCREEN LIGHTMAP_ON ok=1
Cmd: compileSnippet
  api=4 type=1 insize=1062 outsize=1469 kw=SHADOWS_SCREEN LIGHTMAP_ON ok=1
Cmd: compileSnippet
  api=4 type=0 insize=864 outsize=1477 kw= ok=1
Cmd: compileSnippet
  api=4 type=1 insize=864 outsize=754 kw= ok=1
Cmd: preprocess
  insize=1970 outsize=1268 ok=1
Cmd: compileSnippet
  api=4 type=0 insize=1038 outsize=4045 kw=SHADOWS_SCREEN LIGHTMAP_ON ok=1
Cmd: compileSnippet
  api=4 type=1 insize=1038 outsize=1469 kw=SHADOWS_SCREEN LIGHTMAP_ON ok=1
Cmd: preprocess
  insize=2978 outsize=1173 ok=1
Cmd: compileSnippet
  api=4 type=0 insize=2109 outsize=1900 kw=LIGHTMAP_ON ok=1
Cmd: compileSnippet
  api=4 type=1 insize=2109 outsize=1347 kw=LIGHTMAP_ON ok=1
Cmd: preprocess
  insize=2590 outsize=1435 ok=1
Cmd: compileSnippet
  api=4 type=0 insize=1491 outsize=5792 kw=SHADOWS_SCREEN LIGHTMAP_ON ok=1
Cmd: compileSnippet
  api=4 type=1 insize=1491 outsize=2038 kw=SHADOWS_SCREEN LIGHTMAP_ON ok=1
Cmd: preprocess
  insize=1956 outsize=1213 ok=1
Cmd: compileSnippet
  api=4 type=0 insize=1079 outsize=4045 kw=SHADOWS_SCREEN LIGHTMAP_ON ok=1
Cmd: compileSnippet
  api=4 type=1 insize=1079 outsize=1632 kw=SHADOWS_SCREEN LIGHTMAP_ON ok=1
Cmd: preprocess
  insize=2750 outsize=1101 ok=1
Cmd: compileSnippet
  api=4 type=0 insize=1953 outsize=1680 kw=LIGHTMAP_ON ok=1
Cmd: compileSnippet
  api=4 type=1 insize=1953 outsize=1209 kw=LIGHTMAP_ON ok=1
Cmd: preprocess
  insize=2779 outsize=1205 ok=1
Cmd: compileSnippet
  api=4 type=0 insize=1878 outsize=1680 kw=LIGHTMAP_ON ok=1
Cmd: compileSnippet
  api=4 type=1 insize=1878 outsize=1103 kw=LIGHTMAP_ON ok=1
Cmd: preprocess
  insize=1920 outsize=1193 ok=1
Cmd: compileSnippet
  api=4 type=0 insize=1062 outsize=4045 kw=SHADOWS_SCREEN LIGHTMAP_ON ok=1
Cmd: compileSnippet
  api=4 type=1 insize=1062 outsize=1469 kw=SHADOWS_SCREEN LIGHTMAP_ON ok=1
Cmd: preprocess
  insize=1416 outsize=1416 ok=1
Cmd: preprocess
  insize=2676 outsize=968 ok=1
Cmd: compileSnippet
  api=4 type=0 insize=2011 outsize=2988 kw= ok=1
Cmd: compileSnippet
  api=4 type=1 insize=2011 outsize=616 kw= ok=1
Cmd: preprocess
  insize=2157 outsize=1431 ok=1
Cmd: compileSnippet
  api=4 type=0 insize=1062 outsize=3907 kw=SHADOWS_SCREEN ok=1
Cmd: compileSnippet
  api=4 type=1 insize=1062 outsize=1526 kw=SHADOWS_SCREEN ok=1
Cmd: preprocess
  insize=2824 outsize=1197 ok=1
Cmd: compileSnippet
  api=4 type=0 insize=1930 outsize=1680 kw=LIGHTMAP_ON ok=1
Cmd: compileSnippet
  api=4 type=1 insize=1930 outsize=1242 kw=LIGHTMAP_ON ok=1
Cmd: preprocess
  insize=2373 outsize=1042 ok=1
Cmd: compileSnippet
  api=4 type=0 insize=1633 outsize=2241 kw= ok=1
Cmd: compileSnippet
  api=4 type=1 insize=1633 outsize=616 kw= ok=1
Cmd: preprocess
  insize=1645 outsize=1645 ok=1
Cmd: preprocess
  insize=2845 outsize=1457 ok=1
Cmd: compileSnippet
  api=4 type=0 insize=1692 outsize=2615 kw= ok=1
Cmd: compileSnippet
  api=4 type=1 insize=1692 outsize=787 kw= ok=1
Cmd: preprocess
  insize=2023 outsize=803 ok=1
Cmd: compileSnippet
  api=4 type=0 insize=1522 outsize=1071 kw=LIGHTMAP_ON ok=1
Cmd: compileSnippet
  api=4 type=1 insize=1522 outsize=868 kw=LIGHTMAP_ON ok=1
Cmd: preprocess
  insize=2234 outsize=1045 ok=1
Cmd: compileSnippet
  api=4 type=0 insize=1491 outsize=1664 kw= ok=1
Cmd: compileSnippet
  api=4 type=1 insize=1491 outsize=787 kw= ok=1
Cmd: preprocess
  insize=2236 outsize=1085 ok=1
Cmd: compileSnippet
  api=4 type=0 insize=1453 outsize=1445 kw= ok=1
Cmd: compileSnippet
  api=4 type=1 insize=1453 outsize=835 kw= ok=1
Cmd: preprocess
  insize=3119 outsize=1255 ok=1
Cmd: compileSnippet
  api=4 type=0 insize=2168 outsize=2208 kw=LIGHTMAP_ON ok=1
Cmd: compileSnippet
  api=4 type=1 insize=2168 outsize=1030 kw=LIGHTMAP_ON ok=1
Cmd: preprocess
  insize=2067 outsize=1294 ok=1
Cmd: compileSnippet
  api=4 type=0 insize=1109 outsize=4118 kw=SHADOWS_SCREEN LIGHTMAP_ON ok=1
Cmd: compileSnippet
  api=4 type=1 insize=1109 outsize=1802 kw=SHADOWS_SCREEN LIGHTMAP_ON ok=1
Cmd: preprocess
  insize=2240 outsize=998 ok=1
Cmd: compileSnippet
  api=4 type=0 insize=1544 outsize=2395 kw= ok=1
Cmd: compileSnippet
  api=4 type=1 insize=1544 outsize=616 kw= ok=1
Cmd: preprocess
  insize=3905 outsize=1779 ok=1
Cmd: compileSnippet
  api=4 type=0 insize=1222 outsize=4085 kw=SHADOWS_SCREEN LIGHTMAP_ON ok=1
Cmd: compileSnippet
  api=4 type=1 insize=1222 outsize=1510 kw=SHADOWS_SCREEN LIGHTMAP_ON ok=1
Cmd: compileSnippet
  api=4 type=0 insize=881 outsize=1233 kw=SHADOWS_DEPTH ok=1
Cmd: compileSnippet
  api=4 type=1 insize=881 outsize=437 kw=SHADOWS_DEPTH ok=1
Cmd: preprocess
  insize=2261 outsize=1094 ok=1
Cmd: preprocess
  insize=3574 outsize=1903 ok=1
Cmd: compileSnippet
  api=4 type=0 insize=1156 outsize=4849 kw=SHADOWS_SCREEN LIGHTMAP_ON ok=1
Cmd: compileSnippet
  api=4 type=1 insize=1156 outsize=1469 kw=SHADOWS_SCREEN LIGHTMAP_ON ok=1
Cmd: compileSnippet
  api=4 type=0 insize=1190 outsize=4849 kw=SHADOWS_SCREEN LIGHTMAP_ON ok=1
Cmd: compileSnippet
  api=4 type=1 insize=1190 outsize=1469 kw=SHADOWS_SCREEN LIGHTMAP_ON ok=1
